# JRE version: Java(TM) SE Runtime Environment (17.0+35) (build 17+35-LTS-2724)
# Java VM: Java HotSpot(TM) 64-Bit Server VM (17+35-LTS-2724, mixed mode, sharing, tiered, compressed oops, compressed class ptrs, g1 gc, windows-amd64)
GC Precious Log:
 CPUs: 8 total, 8 available
 Memory: 3976M
 Large Page Support: Disabled
 NUMA Support: Disabled
 Compressed Oops: Enabled (32-bit)
 Heap Region Size: 1M
 Heap Min Capacity: 8M
 Heap Initial Capacity: 64M
 Heap Max Capacity: 996M
 Pre-touch: Disabled
 Parallel Workers: 8
 Concurrent Workers: 2
 Concurrent Refinement Workers: 8
 Periodic GC: Disabled
Heap:
 garbage-first heap   total 156672K, used 84796K [0x00000000c1c00000, 0x0000000100000000)
  region size 1024K, 52 young (53248K), 4 survivors (4096K)
 Metaspace       used 77166K, committed 77760K, reserved 1122304K
  class space    used 10660K, committed 10944K, reserved 1048576K
GC Heap History (20 events):
Event: 9.411 GC heap before
{Heap before GC invocations=10 (full 0):
 garbage-first heap   total 123904K, used 86012K [0x00000000c1c00000, 0x0000000100000000)
  region size 1024K, 72 young (73728K), 2 survivors (2048K)
 Metaspace       used 28686K, committed 28928K, reserved 1081344K
  class space    used 3731K, committed 3840K, reserved 1048576K
}
Event: 9.421 GC heap after
{Heap after GC invocations=11 (full 0):
 garbage-first heap   total 123904K, used 18837K [0x00000000c1c00000, 0x0000000100000000)
  region size 1024K, 6 young (6144K), 6 survivors (6144K)
 Metaspace       used 28686K, committed 28928K, reserved 1081344K
  class space    used 3731K, committed 3840K, reserved 1048576K
}
Event: 11.920 GC heap before
{Heap before GC invocations=11 (full 0):
 garbage-first heap   total 123904K, used 70037K [0x00000000c1c00000, 0x0000000100000000)
  region size 1024K, 57 young (58368K), 6 survivors (6144K)
 Metaspace       used 35629K, committed 35968K, reserved 1081344K
  class space    used 4751K, committed 4928K, reserved 1048576K
}
Event: 11.935 GC heap after
{Heap after GC invocations=12 (full 0):
 garbage-first heap   total 123904K, used 22743K [0x00000000c1c00000, 0x0000000100000000)
  region size 1024K, 8 young (8192K), 8 survivors (8192K)
 Metaspace       used 35629K, committed 35968K, reserved 1081344K
  class space    used 4751K, committed 4928K, reserved 1048576K
}
Event: 13.602 GC heap before
{Heap before GC invocations=13 (full 0):
 garbage-first heap   total 81920K, used 63703K [0x00000000c1c00000, 0x0000000100000000)
  region size 1024K, 48 young (49152K), 8 survivors (8192K)
 Metaspace       used 42243K, committed 42752K, reserved 1089536K
  class space    used 5580K, committed 5824K, reserved 1048576K
}
Event: 13.621 GC heap after
{Heap after GC invocations=14 (full 0):
 garbage-first heap   total 81920K, used 24578K [0x00000000c1c00000, 0x0000000100000000)
  region size 1024K, 3 young (3072K), 3 survivors (3072K)
 Metaspace       used 42243K, committed 42752K, reserved 1089536K
  class space    used 5580K, committed 5824K, reserved 1048576K
}
Event: 14.502 GC heap before
{Heap before GC invocations=14 (full 0):
 garbage-first heap   total 81920K, used 63490K [0x00000000c1c00000, 0x0000000100000000)
  region size 1024K, 41 young (41984K), 3 survivors (3072K)
 Metaspace       used 49914K, committed 50432K, reserved 1097728K
  class space    used 6741K, committed 6976K, reserved 1048576K
}
Event: 14.511 GC heap after
{Heap after GC invocations=15 (full 0):
 garbage-first heap   total 81920K, used 26114K [0x00000000c1c00000, 0x0000000100000000)
  region size 1024K, 4 young (4096K), 4 survivors (4096K)
 Metaspace       used 49914K, committed 50432K, reserved 1097728K
  class space    used 6741K, committed 6976K, reserved 1048576K
}
Event: 15.406 GC heap before
{Heap before GC invocations=15 (full 0):
 garbage-first heap   total 81920K, used 65026K [0x00000000c1c00000, 0x0000000100000000)
  region size 1024K, 42 young (43008K), 4 survivors (4096K)
 Metaspace       used 57983K, committed 58432K, reserved 1105920K
  class space    used 8035K, committed 8256K, reserved 1048576K
}
Event: 15.416 GC heap after
{Heap after GC invocations=16 (full 0):
 garbage-first heap   total 81920K, used 27212K [0x00000000c1c00000, 0x0000000100000000)
  region size 1024K, 3 young (3072K), 3 survivors (3072K)
 Metaspace       used 57983K, committed 58432K, reserved 1105920K
  class space    used 8035K, committed 8256K, reserved 1048576K
}
Event: 15.677 GC heap before
{Heap before GC invocations=16 (full 0):
 garbage-first heap   total 81920K, used 35404K [0x00000000c1c00000, 0x0000000100000000)
  region size 1024K, 12 young (12288K), 3 survivors (3072K)
 Metaspace       used 59665K, committed 60160K, reserved 1105920K
  class space    used 8269K, committed 8512K, reserved 1048576K
}
Event: 15.687 GC heap after
{Heap after GC invocations=17 (full 0):
 garbage-first heap   total 81920K, used 27499K [0x00000000c1c00000, 0x0000000100000000)
  region size 1024K, 3 young (3072K), 3 survivors (3072K)
 Metaspace       used 59665K, committed 60160K, reserved 1105920K
  class space    used 8269K, committed 8512K, reserved 1048576K
}
Event: 16.359 GC heap before
{Heap before GC invocations=18 (full 0):
 garbage-first heap   total 81920K, used 67435K [0x00000000c1c00000, 0x0000000100000000)
  region size 1024K, 42 young (43008K), 3 survivors (3072K)
 Metaspace       used 64860K, committed 65408K, reserved 1105920K
  class space    used 9082K, committed 9344K, reserved 1048576K
}
Event: 16.372 GC heap after
{Heap after GC invocations=19 (full 0):
 garbage-first heap   total 81920K, used 30124K [0x00000000c1c00000, 0x0000000100000000)
  region size 1024K, 6 young (6144K), 6 survivors (6144K)
 Metaspace       used 64860K, committed 65408K, reserved 1105920K
  class space    used 9082K, committed 9344K, reserved 1048576K
}
Event: 17.128 GC heap before
{Heap before GC invocations=19 (full 0):
 garbage-first heap   total 81920K, used 65964K [0x00000000c1c00000, 0x0000000100000000)
  region size 1024K, 41 young (41984K), 6 survivors (6144K)
 Metaspace       used 69214K, committed 69760K, reserved 1114112K
  class space    used 9640K, committed 9920K, reserved 1048576K
}
Event: 17.135 GC heap after
{Heap after GC invocations=20 (full 0):
 garbage-first heap   total 81920K, used 32946K [0x00000000c1c00000, 0x0000000100000000)
  region size 1024K, 6 young (6144K), 6 survivors (6144K)
 Metaspace       used 69214K, committed 69760K, reserved 1114112K
  class space    used 9640K, committed 9920K, reserved 1048576K
}
Event: 17.692 GC heap before
{Heap before GC invocations=20 (full 0):
 garbage-first heap   total 81920K, used 66738K [0x00000000c1c00000, 0x0000000100000000)
  region size 1024K, 39 young (39936K), 6 survivors (6144K)
 Metaspace       used 71131K, committed 71680K, reserved 1114112K
  class space    used 9866K, committed 10112K, reserved 1048576K
}
Event: 17.700 GC heap after
{Heap after GC invocations=21 (full 0):
 garbage-first heap   total 81920K, used 34984K [0x00000000c1c00000, 0x0000000100000000)
  region size 1024K, 5 young (5120K), 5 survivors (5120K)
 Metaspace       used 71131K, committed 71680K, reserved 1114112K
  class space    used 9866K, committed 10112K, reserved 1048576K
}
Event: 18.480 GC heap before
{Heap before GC invocations=21 (full 0):
 garbage-first heap   total 81920K, used 65704K [0x00000000c1c00000, 0x0000000100000000)
  region size 1024K, 35 young (35840K), 5 survivors (5120K)
 Metaspace       used 73800K, committed 74304K, reserved 1114112K
  class space    used 10250K, committed 10496K, reserved 1048576K
}
Event: 18.488 GC heap after
{Heap after GC invocations=22 (full 0):
 garbage-first heap   total 156672K, used 36668K [0x00000000c1c00000, 0x0000000100000000)
  region size 1024K, 4 young (4096K), 4 survivors (4096K)
 Metaspace       used 73800K, committed 74304K, reserved 1114112K
  class space    used 10250K, committed 10496K, reserved 1048576K
}

